Traceback (most recent call last):
  File "/home/codespace/.local/lib/python3.12/site-packages/jupyter_core/utils/__init__.py", line 154, in wrapped
    asyncio.get_running_loop()
RuntimeError: no running event loop

During handling of the above exception, another exception occurred:

Traceback (most recent call last):
  File "/usr/local/python/3.12.1/lib/python3.12/site-packages/jupyter_cache/executors/utils.py", line 58, in single_nb_execution
    executenb(
  File "/home/codespace/.local/lib/python3.12/site-packages/nbclient/client.py", line 1319, in execute
    return NotebookClient(nb=nb, resources=resources, km=km, **kwargs).execute()
           ^^^^^^^^^^^^^^^^^^^^^^^^^^^^^^^^^^^^^^^^^^^^^^^^^^^^^^^^^^^^^^^^^^^^^
  File "/home/codespace/.local/lib/python3.12/site-packages/jupyter_core/utils/__init__.py", line 158, in wrapped
    return loop.run_until_complete(inner)
           ^^^^^^^^^^^^^^^^^^^^^^^^^^^^^^
  File "/usr/local/python/3.12.1/lib/python3.12/asyncio/base_events.py", line 684, in run_until_complete
    return future.result()
           ^^^^^^^^^^^^^^^
  File "/home/codespace/.local/lib/python3.12/site-packages/nbclient/client.py", line 709, in async_execute
    await self.async_execute_cell(
  File "/home/codespace/.local/lib/python3.12/site-packages/nbclient/client.py", line 1062, in async_execute_cell
    await self._check_raise_for_error(cell, cell_index, exec_reply)
  File "/home/codespace/.local/lib/python3.12/site-packages/nbclient/client.py", line 918, in _check_raise_for_error
    raise CellExecutionError.from_cell_and_msg(cell, exec_reply_content)
nbclient.exceptions.CellExecutionError: An error occurred while executing the following cell:
------------------
from tslearn.datasets import UCR_UEA_datasets
import numpy as np

dataset = UCR_UEA_datasets()
X_train, y_train, X_test, y_test = dataset.load_dataset("EthanolLevel")

X_train = np.array(X_train)
X_test = np.array(X_test)
y_train = np.array(y_train)
y_test = np.array(y_test)

------------------


[31m---------------------------------------------------------------------------[39m
[31mHTTPError[39m                                 Traceback (most recent call last)
[36mCell[39m[36m [39m[32mIn[2][39m[32m, line 5[39m
[32m      2[39m [38;5;28;01mimport[39;00m[38;5;250m [39m[34;01mnumpy[39;00m[38;5;250m [39m[38;5;28;01mas[39;00m[38;5;250m [39m[34;01mnp[39;00m
[32m      4[39m dataset = UCR_UEA_datasets()
[32m----> [39m[32m5[39m X_train, y_train, X_test, y_test = [43mdataset[49m[43m.[49m[43mload_dataset[49m[43m([49m[33;43m"[39;49m[33;43mEthanolLevel[39;49m[33;43m"[39;49m[43m)[49m
[32m      7[39m X_train = np.array(X_train)
[32m      8[39m X_test = np.array(X_test)

[36mFile [39m[32m/usr/local/python/3.12.1/lib/python3.12/site-packages/tslearn/datasets/ucr_uea.py:281[39m, in [36mUCR_UEA_datasets.load_dataset[39m[34m(self, dataset_name)[39m
[32m    277[39m [38;5;66;03m# else, actually raise the error![39;00m
[32m    279[39m url = ([33m"[39m[33mhttps://www.timeseriesclassification.com/aeon-toolkit/[39m[38;5;132;01m%s[39;00m[33m.zip[39m[33m"[39m
[32m    280[39m        % dataset_name)
[32m--> [39m[32m281[39m success = [43mextract_from_zip_url[49m[43m([49m[43murl[49m[43m,[49m[43m [49m[43mtarget_dir[49m[43m=[49m[43mfull_path[49m[43m)[49m
[32m    282[39m [38;5;28;01mif[39;00m [38;5;129;01mnot[39;00m success:
[32m    283[39m     warnings.warn([33m"[39m[33mdataset [39m[38;5;130;01m\"[39;00m[38;5;132;01m%s[39;00m[38;5;130;01m\"[39;00m[33m could not be downloaded or [39m[33m"[39m
[32m    284[39m                   [33m"[39m[33mextracted[39m[33m"[39m % dataset_name,
[32m    285[39m                   category=[38;5;167;01mRuntimeWarning[39;00m, stacklevel=[32m2[39m)

[36mFile [39m[32m/usr/local/python/3.12.1/lib/python3.12/site-packages/tslearn/datasets/datasets.py:39[39m, in [36mextract_from_zip_url[39m[34m(url, target_dir, verbose)[39m
[32m     37[39m tmpdir = tempfile.mkdtemp()
[32m     38[39m local_zip_fname = os.path.join(tmpdir, fname)
[32m---> [39m[32m39[39m [43murlretrieve[49m[43m([49m[43murl[49m[43m,[49m[43m [49m[43mlocal_zip_fname[49m[43m)[49m
[32m     40[39m os.makedirs(target_dir, exist_ok=[38;5;28;01mTrue[39;00m)
[32m     41[39m [38;5;28;01mtry[39;00m:

[36mFile [39m[32m/usr/local/python/3.12.1/lib/python3.12/urllib/request.py:240[39m, in [36murlretrieve[39m[34m(url, filename, reporthook, data)[39m
[32m    223[39m [38;5;250m[39m[33;03m"""[39;00m
[32m    224[39m [33;03mRetrieve a URL into a temporary location on disk.[39;00m
[32m    225[39m 
[32m   (...)[39m[32m    236[39m [33;03mdata file as well as the resulting HTTPMessage object.[39;00m
[32m    237[39m [33;03m"""[39;00m
[32m    238[39m url_type, path = _splittype(url)
[32m--> [39m[32m240[39m [38;5;28;01mwith[39;00m contextlib.closing([43murlopen[49m[43m([49m[43murl[49m[43m,[49m[43m [49m[43mdata[49m[43m)[49m) [38;5;28;01mas[39;00m fp:
[32m    241[39m     headers = fp.info()
[32m    243[39m     [38;5;66;03m# Just return the local path and the "headers" for file://[39;00m
[32m    244[39m     [38;5;66;03m# URLs. No sense in performing a copy unless requested.[39;00m

[36mFile [39m[32m/usr/local/python/3.12.1/lib/python3.12/urllib/request.py:215[39m, in [36murlopen[39m[34m(url, data, timeout, cafile, capath, cadefault, context)[39m
[32m    213[39m [38;5;28;01melse[39;00m:
[32m    214[39m     opener = _opener
[32m--> [39m[32m215[39m [38;5;28;01mreturn[39;00m [43mopener[49m[43m.[49m[43mopen[49m[43m([49m[43murl[49m[43m,[49m[43m [49m[43mdata[49m[43m,[49m[43m [49m[43mtimeout[49m[43m)[49m

[36mFile [39m[32m/usr/local/python/3.12.1/lib/python3.12/urllib/request.py:521[39m, in [36mOpenerDirector.open[39m[34m(self, fullurl, data, timeout)[39m
[32m    519[39m [38;5;28;01mfor[39;00m processor [38;5;129;01min[39;00m [38;5;28mself[39m.process_response.get(protocol, []):
[32m    520[39m     meth = [38;5;28mgetattr[39m(processor, meth_name)
[32m--> [39m[32m521[39m     response = [43mmeth[49m[43m([49m[43mreq[49m[43m,[49m[43m [49m[43mresponse[49m[43m)[49m
[32m    523[39m [38;5;28;01mreturn[39;00m response

[36mFile [39m[32m/usr/local/python/3.12.1/lib/python3.12/urllib/request.py:630[39m, in [36mHTTPErrorProcessor.http_response[39m[34m(self, request, response)[39m
[32m    627[39m [38;5;66;03m# According to RFC 2616, "2xx" code indicates that the client's[39;00m
[32m    628[39m [38;5;66;03m# request was successfully received, understood, and accepted.[39;00m
[32m    629[39m [38;5;28;01mif[39;00m [38;5;129;01mnot[39;00m ([32m200[39m <= code < [32m300[39m):
[32m--> [39m[32m630[39m     response = [38;5;28;43mself[39;49m[43m.[49m[43mparent[49m[43m.[49m[43merror[49m[43m([49m
[32m    631[39m [43m        [49m[33;43m'[39;49m[33;43mhttp[39;49m[33;43m'[39;49m[43m,[49m[43m [49m[43mrequest[49m[43m,[49m[43m [49m[43mresponse[49m[43m,[49m[43m [49m[43mcode[49m[43m,[49m[43m [49m[43mmsg[49m[43m,[49m[43m [49m[43mhdrs[49m[43m)[49m
[32m    633[39m [38;5;28;01mreturn[39;00m response

[36mFile [39m[32m/usr/local/python/3.12.1/lib/python3.12/urllib/request.py:559[39m, in [36mOpenerDirector.error[39m[34m(self, proto, *args)[39m
[32m    557[39m [38;5;28;01mif[39;00m http_err:
[32m    558[39m     args = ([38;5;28mdict[39m, [33m'[39m[33mdefault[39m[33m'[39m, [33m'[39m[33mhttp_error_default[39m[33m'[39m) + orig_args
[32m--> [39m[32m559[39m     [38;5;28;01mreturn[39;00m [38;5;28;43mself[39;49m[43m.[49m[43m_call_chain[49m[43m([49m[43m*[49m[43margs[49m[43m)[49m

[36mFile [39m[32m/usr/local/python/3.12.1/lib/python3.12/urllib/request.py:492[39m, in [36mOpenerDirector._call_chain[39m[34m(self, chain, kind, meth_name, *args)[39m
[32m    490[39m [38;5;28;01mfor[39;00m handler [38;5;129;01min[39;00m handlers:
[32m    491[39m     func = [38;5;28mgetattr[39m(handler, meth_name)
[32m--> [39m[32m492[39m     result = [43mfunc[49m[43m([49m[43m*[49m[43margs[49m[43m)[49m
[32m    493[39m     [38;5;28;01mif[39;00m result [38;5;129;01mis[39;00m [38;5;129;01mnot[39;00m [38;5;28;01mNone[39;00m:
[32m    494[39m         [38;5;28;01mreturn[39;00m result

[36mFile [39m[32m/usr/local/python/3.12.1/lib/python3.12/urllib/request.py:639[39m, in [36mHTTPDefaultErrorHandler.http_error_default[39m[34m(self, req, fp, code, msg, hdrs)[39m
[32m    638[39m [38;5;28;01mdef[39;00m[38;5;250m [39m[34mhttp_error_default[39m([38;5;28mself[39m, req, fp, code, msg, hdrs):
[32m--> [39m[32m639[39m     [38;5;28;01mraise[39;00m HTTPError(req.full_url, code, msg, hdrs, fp)

[31mHTTPError[39m: HTTP Error 401: Unauthorized

